2024-01-15 14:05:20,304 [Worker-4: Loading available Gradle versions] INFO  o.e.b.c.i.u.g.PublishedGradleVersions - Gradle version information cache is up-to-date. Trying to read.
2024-01-15 14:07:08,406 [Worker-9: Launching mavenrun-5d9f8e61-4b63-4374-bb68-01b1b6b0f9ef] INFO  o.eclipse.m2e.core.internal.Bundles - getClasspathEntries(Bundle=org.eclipse.m2e.maven.runtime_3.9.400.20230826-0755 [298])
2024-01-15 14:07:08,414 [Worker-9: Launching mavenrun-5d9f8e61-4b63-4374-bb68-01b1b6b0f9ef] INFO  o.eclipse.m2e.core.internal.Bundles - 	Entry: C:\Users\khala\Downloads\eclipse-java-2023-09-R-win32-x86_64\eclipse\plugins\org.eclipse.m2e.maven.runtime_3.9.400.20230826-0755
2024-01-15 14:07:08,414 [Worker-9: Launching mavenrun-5d9f8e61-4b63-4374-bb68-01b1b6b0f9ef] INFO  o.eclipse.m2e.core.internal.Bundles - 	Entry: C:\Users\khala\Downloads\eclipse-java-2023-09-R-win32-x86_64\eclipse\plugins\org.eclipse.m2e.maven.runtime_3.9.400.20230826-0755\jars\aether-connector-okhttp-0.17.8.jar
2024-01-15 14:07:08,417 [Worker-9: Launching mavenrun-5d9f8e61-4b63-4374-bb68-01b1b6b0f9ef] INFO  o.eclipse.m2e.core.internal.Bundles - 	Entry: C:\Users\khala\Downloads\eclipse-java-2023-09-R-win32-x86_64\eclipse\plugins\org.eclipse.m2e.maven.runtime_3.9.400.20230826-0755\jars\aopalliance-1.0.jar
2024-01-15 14:07:08,417 [Worker-9: Launching mavenrun-5d9f8e61-4b63-4374-bb68-01b1b6b0f9ef] INFO  o.eclipse.m2e.core.internal.Bundles - 	Entry: C:\Users\khala\Downloads\eclipse-java-2023-09-R-win32-x86_64\eclipse\plugins\org.eclipse.m2e.maven.runtime_3.9.400.20230826-0755\jars\commons-lang3-3.12.0.jar
2024-01-15 14:07:08,417 [Worker-9: Launching mavenrun-5d9f8e61-4b63-4374-bb68-01b1b6b0f9ef] INFO  o.eclipse.m2e.core.internal.Bundles - 	Entry: C:\Users\khala\Downloads\eclipse-java-2023-09-R-win32-x86_64\eclipse\plugins\org.eclipse.m2e.maven.runtime_3.9.400.20230826-0755\jars\guice-5.1.0.jar
2024-01-15 14:07:08,418 [Worker-9: Launching mavenrun-5d9f8e61-4b63-4374-bb68-01b1b6b0f9ef] INFO  o.eclipse.m2e.core.internal.Bundles - 	Entry: C:\Users\khala\Downloads\eclipse-java-2023-09-R-win32-x86_64\eclipse\plugins\org.eclipse.m2e.maven.runtime_3.9.400.20230826-0755\jars\jansi-2.4.0.jar
2024-01-15 14:07:08,418 [Worker-9: Launching mavenrun-5d9f8e61-4b63-4374-bb68-01b1b6b0f9ef] INFO  o.eclipse.m2e.core.internal.Bundles - 	Entry: C:\Users\khala\Downloads\eclipse-java-2023-09-R-win32-x86_64\eclipse\plugins\org.eclipse.m2e.maven.runtime_3.9.400.20230826-0755\jars\maven-artifact-3.9.4.jar
2024-01-15 14:07:08,418 [Worker-9: Launching mavenrun-5d9f8e61-4b63-4374-bb68-01b1b6b0f9ef] INFO  o.eclipse.m2e.core.internal.Bundles - 	Entry: C:\Users\khala\Downloads\eclipse-java-2023-09-R-win32-x86_64\eclipse\plugins\org.eclipse.m2e.maven.runtime_3.9.400.20230826-0755\jars\maven-builder-support-3.9.4.jar
2024-01-15 14:07:08,418 [Worker-9: Launching mavenrun-5d9f8e61-4b63-4374-bb68-01b1b6b0f9ef] INFO  o.eclipse.m2e.core.internal.Bundles - 	Entry: C:\Users\khala\Downloads\eclipse-java-2023-09-R-win32-x86_64\eclipse\plugins\org.eclipse.m2e.maven.runtime_3.9.400.20230826-0755\jars\maven-compat-3.9.4.jar
2024-01-15 14:07:08,418 [Worker-9: Launching mavenrun-5d9f8e61-4b63-4374-bb68-01b1b6b0f9ef] INFO  o.eclipse.m2e.core.internal.Bundles - 	Entry: C:\Users\khala\Downloads\eclipse-java-2023-09-R-win32-x86_64\eclipse\plugins\org.eclipse.m2e.maven.runtime_3.9.400.20230826-0755\jars\maven-core-3.9.4.jar
2024-01-15 14:07:08,418 [Worker-9: Launching mavenrun-5d9f8e61-4b63-4374-bb68-01b1b6b0f9ef] INFO  o.eclipse.m2e.core.internal.Bundles - 	Entry: C:\Users\khala\Downloads\eclipse-java-2023-09-R-win32-x86_64\eclipse\plugins\org.eclipse.m2e.maven.runtime_3.9.400.20230826-0755\jars\maven-embedder-3.9.4.jar
2024-01-15 14:07:08,418 [Worker-9: Launching mavenrun-5d9f8e61-4b63-4374-bb68-01b1b6b0f9ef] INFO  o.eclipse.m2e.core.internal.Bundles - 	Entry: C:\Users\khala\Downloads\eclipse-java-2023-09-R-win32-x86_64\eclipse\plugins\org.eclipse.m2e.maven.runtime_3.9.400.20230826-0755\jars\maven-model-3.9.4.jar
2024-01-15 14:07:08,419 [Worker-9: Launching mavenrun-5d9f8e61-4b63-4374-bb68-01b1b6b0f9ef] INFO  o.eclipse.m2e.core.internal.Bundles - 	Entry: C:\Users\khala\Downloads\eclipse-java-2023-09-R-win32-x86_64\eclipse\plugins\org.eclipse.m2e.maven.runtime_3.9.400.20230826-0755\jars\maven-model-builder-3.9.4.jar
2024-01-15 14:07:08,419 [Worker-9: Launching mavenrun-5d9f8e61-4b63-4374-bb68-01b1b6b0f9ef] INFO  o.eclipse.m2e.core.internal.Bundles - 	Entry: C:\Users\khala\Downloads\eclipse-java-2023-09-R-win32-x86_64\eclipse\plugins\org.eclipse.m2e.maven.runtime_3.9.400.20230826-0755\jars\maven-plugin-api-3.9.4.jar
2024-01-15 14:07:08,419 [Worker-9: Launching mavenrun-5d9f8e61-4b63-4374-bb68-01b1b6b0f9ef] INFO  o.eclipse.m2e.core.internal.Bundles - 	Entry: C:\Users\khala\Downloads\eclipse-java-2023-09-R-win32-x86_64\eclipse\plugins\org.eclipse.m2e.maven.runtime_3.9.400.20230826-0755\jars\maven-repository-metadata-3.9.4.jar
2024-01-15 14:07:08,419 [Worker-9: Launching mavenrun-5d9f8e61-4b63-4374-bb68-01b1b6b0f9ef] INFO  o.eclipse.m2e.core.internal.Bundles - 	Entry: C:\Users\khala\Downloads\eclipse-java-2023-09-R-win32-x86_64\eclipse\plugins\org.eclipse.m2e.maven.runtime_3.9.400.20230826-0755\jars\maven-resolver-api-1.9.14.jar
2024-01-15 14:07:08,419 [Worker-9: Launching mavenrun-5d9f8e61-4b63-4374-bb68-01b1b6b0f9ef] INFO  o.eclipse.m2e.core.internal.Bundles - 	Entry: C:\Users\khala\Downloads\eclipse-java-2023-09-R-win32-x86_64\eclipse\plugins\org.eclipse.m2e.maven.runtime_3.9.400.20230826-0755\jars\maven-resolver-connector-basic-1.9.14.jar
2024-01-15 14:07:08,419 [Worker-9: Launching mavenrun-5d9f8e61-4b63-4374-bb68-01b1b6b0f9ef] INFO  o.eclipse.m2e.core.internal.Bundles - 	Entry: C:\Users\khala\Downloads\eclipse-java-2023-09-R-win32-x86_64\eclipse\plugins\org.eclipse.m2e.maven.runtime_3.9.400.20230826-0755\jars\maven-resolver-impl-1.9.14.jar
2024-01-15 14:07:08,419 [Worker-9: Launching mavenrun-5d9f8e61-4b63-4374-bb68-01b1b6b0f9ef] INFO  o.eclipse.m2e.core.internal.Bundles - 	Entry: C:\Users\khala\Downloads\eclipse-java-2023-09-R-win32-x86_64\eclipse\plugins\org.eclipse.m2e.maven.runtime_3.9.400.20230826-0755\jars\maven-resolver-named-locks-1.9.14.jar
2024-01-15 14:07:08,420 [Worker-9: Launching mavenrun-5d9f8e61-4b63-4374-bb68-01b1b6b0f9ef] INFO  o.eclipse.m2e.core.internal.Bundles - 	Entry: C:\Users\khala\Downloads\eclipse-java-2023-09-R-win32-x86_64\eclipse\plugins\org.eclipse.m2e.maven.runtime_3.9.400.20230826-0755\jars\maven-resolver-provider-3.9.4.jar
2024-01-15 14:07:08,420 [Worker-9: Launching mavenrun-5d9f8e61-4b63-4374-bb68-01b1b6b0f9ef] INFO  o.eclipse.m2e.core.internal.Bundles - 	Entry: C:\Users\khala\Downloads\eclipse-java-2023-09-R-win32-x86_64\eclipse\plugins\org.eclipse.m2e.maven.runtime_3.9.400.20230826-0755\jars\maven-resolver-spi-1.9.14.jar
2024-01-15 14:07:08,420 [Worker-9: Launching mavenrun-5d9f8e61-4b63-4374-bb68-01b1b6b0f9ef] INFO  o.eclipse.m2e.core.internal.Bundles - 	Entry: C:\Users\khala\Downloads\eclipse-java-2023-09-R-win32-x86_64\eclipse\plugins\org.eclipse.m2e.maven.runtime_3.9.400.20230826-0755\jars\maven-resolver-transport-wagon-1.9.14.jar
2024-01-15 14:07:08,420 [Worker-9: Launching mavenrun-5d9f8e61-4b63-4374-bb68-01b1b6b0f9ef] INFO  o.eclipse.m2e.core.internal.Bundles - 	Entry: C:\Users\khala\Downloads\eclipse-java-2023-09-R-win32-x86_64\eclipse\plugins\org.eclipse.m2e.maven.runtime_3.9.400.20230826-0755\jars\maven-resolver-util-1.9.14.jar
2024-01-15 14:07:08,420 [Worker-9: Launching mavenrun-5d9f8e61-4b63-4374-bb68-01b1b6b0f9ef] INFO  o.eclipse.m2e.core.internal.Bundles - 	Entry: C:\Users\khala\Downloads\eclipse-java-2023-09-R-win32-x86_64\eclipse\plugins\org.eclipse.m2e.maven.runtime_3.9.400.20230826-0755\jars\maven-settings-3.9.4.jar
2024-01-15 14:07:08,420 [Worker-9: Launching mavenrun-5d9f8e61-4b63-4374-bb68-01b1b6b0f9ef] INFO  o.eclipse.m2e.core.internal.Bundles - 	Entry: C:\Users\khala\Downloads\eclipse-java-2023-09-R-win32-x86_64\eclipse\plugins\org.eclipse.m2e.maven.runtime_3.9.400.20230826-0755\jars\maven-settings-builder-3.9.4.jar
2024-01-15 14:07:08,421 [Worker-9: Launching mavenrun-5d9f8e61-4b63-4374-bb68-01b1b6b0f9ef] INFO  o.eclipse.m2e.core.internal.Bundles - 	Entry: C:\Users\khala\Downloads\eclipse-java-2023-09-R-win32-x86_64\eclipse\plugins\org.eclipse.m2e.maven.runtime_3.9.400.20230826-0755\jars\maven-shared-utils-3.3.4.jar
2024-01-15 14:07:08,421 [Worker-9: Launching mavenrun-5d9f8e61-4b63-4374-bb68-01b1b6b0f9ef] INFO  o.eclipse.m2e.core.internal.Bundles - 	Entry: C:\Users\khala\Downloads\eclipse-java-2023-09-R-win32-x86_64\eclipse\plugins\org.eclipse.m2e.maven.runtime_3.9.400.20230826-0755\jars\okhttp-3.14.1.jar
2024-01-15 14:07:08,421 [Worker-9: Launching mavenrun-5d9f8e61-4b63-4374-bb68-01b1b6b0f9ef] INFO  o.eclipse.m2e.core.internal.Bundles - 	Entry: C:\Users\khala\Downloads\eclipse-java-2023-09-R-win32-x86_64\eclipse\plugins\org.eclipse.m2e.maven.runtime_3.9.400.20230826-0755\jars\okio-1.17.3.jar
2024-01-15 14:07:08,421 [Worker-9: Launching mavenrun-5d9f8e61-4b63-4374-bb68-01b1b6b0f9ef] INFO  o.eclipse.m2e.core.internal.Bundles - 	Entry: C:\Users\khala\Downloads\eclipse-java-2023-09-R-win32-x86_64\eclipse\plugins\org.eclipse.m2e.maven.runtime_3.9.400.20230826-0755\jars\org.eclipse.sisu.inject-0.3.5.jar
2024-01-15 14:07:08,421 [Worker-9: Launching mavenrun-5d9f8e61-4b63-4374-bb68-01b1b6b0f9ef] INFO  o.eclipse.m2e.core.internal.Bundles - 	Entry: C:\Users\khala\Downloads\eclipse-java-2023-09-R-win32-x86_64\eclipse\plugins\org.eclipse.m2e.maven.runtime_3.9.400.20230826-0755\jars\org.eclipse.sisu.plexus-0.3.5.jar
2024-01-15 14:07:08,421 [Worker-9: Launching mavenrun-5d9f8e61-4b63-4374-bb68-01b1b6b0f9ef] INFO  o.eclipse.m2e.core.internal.Bundles - 	Entry: C:\Users\khala\Downloads\eclipse-java-2023-09-R-win32-x86_64\eclipse\plugins\org.eclipse.m2e.maven.runtime_3.9.400.20230826-0755\jars\plexus-build-api-0.0.7.jar
2024-01-15 14:07:08,421 [Worker-9: Launching mavenrun-5d9f8e61-4b63-4374-bb68-01b1b6b0f9ef] INFO  o.eclipse.m2e.core.internal.Bundles - 	Entry: C:\Users\khala\Downloads\eclipse-java-2023-09-R-win32-x86_64\eclipse\plugins\org.eclipse.m2e.maven.runtime_3.9.400.20230826-0755\jars\plexus-cipher-2.0.jar
2024-01-15 14:07:08,422 [Worker-9: Launching mavenrun-5d9f8e61-4b63-4374-bb68-01b1b6b0f9ef] INFO  o.eclipse.m2e.core.internal.Bundles - 	Entry: C:\Users\khala\Downloads\eclipse-java-2023-09-R-win32-x86_64\eclipse\plugins\org.eclipse.m2e.maven.runtime_3.9.400.20230826-0755\jars\plexus-classworlds-2.7.0.jar
2024-01-15 14:07:08,422 [Worker-9: Launching mavenrun-5d9f8e61-4b63-4374-bb68-01b1b6b0f9ef] INFO  o.eclipse.m2e.core.internal.Bundles - 	Entry: C:\Users\khala\Downloads\eclipse-java-2023-09-R-win32-x86_64\eclipse\plugins\org.eclipse.m2e.maven.runtime_3.9.400.20230826-0755\jars\plexus-component-annotations-2.1.0.jar
2024-01-15 14:07:08,422 [Worker-9: Launching mavenrun-5d9f8e61-4b63-4374-bb68-01b1b6b0f9ef] INFO  o.eclipse.m2e.core.internal.Bundles - 	Entry: C:\Users\khala\Downloads\eclipse-java-2023-09-R-win32-x86_64\eclipse\plugins\org.eclipse.m2e.maven.runtime_3.9.400.20230826-0755\jars\plexus-interpolation-1.26.jar
2024-01-15 14:07:08,424 [Worker-9: Launching mavenrun-5d9f8e61-4b63-4374-bb68-01b1b6b0f9ef] INFO  o.eclipse.m2e.core.internal.Bundles - 	Entry: C:\Users\khala\Downloads\eclipse-java-2023-09-R-win32-x86_64\eclipse\plugins\org.eclipse.m2e.maven.runtime_3.9.400.20230826-0755\jars\plexus-sec-dispatcher-2.0.jar
2024-01-15 14:07:08,424 [Worker-9: Launching mavenrun-5d9f8e61-4b63-4374-bb68-01b1b6b0f9ef] INFO  o.eclipse.m2e.core.internal.Bundles - 	Entry: C:\Users\khala\Downloads\eclipse-java-2023-09-R-win32-x86_64\eclipse\plugins\org.eclipse.m2e.maven.runtime_3.9.400.20230826-0755\jars\plexus-utils-3.5.1.jar
2024-01-15 14:07:08,424 [Worker-9: Launching mavenrun-5d9f8e61-4b63-4374-bb68-01b1b6b0f9ef] INFO  o.eclipse.m2e.core.internal.Bundles - 	Entry: C:\Users\khala\Downloads\eclipse-java-2023-09-R-win32-x86_64\eclipse\plugins\org.eclipse.m2e.maven.runtime_3.9.400.20230826-0755\jars\wagon-file-3.5.3.jar
2024-01-15 14:07:08,424 [Worker-9: Launching mavenrun-5d9f8e61-4b63-4374-bb68-01b1b6b0f9ef] INFO  o.eclipse.m2e.core.internal.Bundles - 	Entry: C:\Users\khala\Downloads\eclipse-java-2023-09-R-win32-x86_64\eclipse\plugins\org.eclipse.m2e.maven.runtime_3.9.400.20230826-0755\jars\wagon-provider-api-3.5.3.jar
2024-01-15 14:07:08,427 [Worker-9: Launching mavenrun-5d9f8e61-4b63-4374-bb68-01b1b6b0f9ef] INFO  o.eclipse.m2e.core.internal.Bundles - getClasspathEntries(Bundle=com.google.guava_32.1.2.jre [10])
2024-01-15 14:07:08,428 [Worker-9: Launching mavenrun-5d9f8e61-4b63-4374-bb68-01b1b6b0f9ef] INFO  o.eclipse.m2e.core.internal.Bundles - 	Entry: C:\Users\khala\Downloads\eclipse-java-2023-09-R-win32-x86_64\eclipse\plugins\com.google.guava_32.1.2.jre.jar
2024-01-15 14:07:08,429 [Worker-9: Launching mavenrun-5d9f8e61-4b63-4374-bb68-01b1b6b0f9ef] INFO  o.eclipse.m2e.core.internal.Bundles - getClasspathEntries(Bundle=slf4j.api_2.0.9 [549])
2024-01-15 14:07:08,429 [Worker-9: Launching mavenrun-5d9f8e61-4b63-4374-bb68-01b1b6b0f9ef] INFO  o.eclipse.m2e.core.internal.Bundles - 	Entry: C:\Users\khala\Downloads\eclipse-java-2023-09-R-win32-x86_64\eclipse\plugins\slf4j.api_2.0.9.jar
2024-01-15 14:07:08,429 [Worker-9: Launching mavenrun-5d9f8e61-4b63-4374-bb68-01b1b6b0f9ef] INFO  o.eclipse.m2e.core.internal.Bundles - getClasspathEntries(Bundle=javax.inject_1.0.0.v20220405-0441 [26])
2024-01-15 14:07:08,429 [Worker-9: Launching mavenrun-5d9f8e61-4b63-4374-bb68-01b1b6b0f9ef] INFO  o.eclipse.m2e.core.internal.Bundles - 	Entry: C:\Users\khala\Downloads\eclipse-java-2023-09-R-win32-x86_64\eclipse\plugins\javax.inject_1.0.0.v20220405-0441.jar
2024-01-15 14:07:08,429 [Worker-9: Launching mavenrun-5d9f8e61-4b63-4374-bb68-01b1b6b0f9ef] INFO  o.eclipse.m2e.core.internal.Bundles - getClasspathEntries(Bundle=javax.annotation_1.3.5.v20200909-1856 [24])
2024-01-15 14:07:08,430 [Worker-9: Launching mavenrun-5d9f8e61-4b63-4374-bb68-01b1b6b0f9ef] INFO  o.eclipse.m2e.core.internal.Bundles - 	Entry: C:\Users\khala\Downloads\eclipse-java-2023-09-R-win32-x86_64\eclipse\plugins\javax.annotation_1.3.5.v20200909-1856.jar
2024-01-15 14:07:08,430 [Worker-9: Launching mavenrun-5d9f8e61-4b63-4374-bb68-01b1b6b0f9ef] INFO  o.eclipse.m2e.core.internal.Bundles - getClasspathEntries(Bundle=org.apache.commons.cli_1.5.0 [49])
2024-01-15 14:07:08,430 [Worker-9: Launching mavenrun-5d9f8e61-4b63-4374-bb68-01b1b6b0f9ef] INFO  o.eclipse.m2e.core.internal.Bundles - 	Entry: C:\Users\khala\Downloads\eclipse-java-2023-09-R-win32-x86_64\eclipse\plugins\org.apache.commons.cli_1.5.0.jar
2024-01-15 14:07:08,430 [Worker-9: Launching mavenrun-5d9f8e61-4b63-4374-bb68-01b1b6b0f9ef] INFO  o.eclipse.m2e.core.internal.Bundles - getClasspathEntries(Bundle=com.google.guava.failureaccess_1.0.1 [12])
2024-01-15 14:07:08,430 [Worker-9: Launching mavenrun-5d9f8e61-4b63-4374-bb68-01b1b6b0f9ef] INFO  o.eclipse.m2e.core.internal.Bundles - 	Entry: C:\Users\khala\Downloads\eclipse-java-2023-09-R-win32-x86_64\eclipse\plugins\com.google.guava.failureaccess_1.0.1.jar
2024-01-15 14:07:08,436 [Worker-9: Launching mavenrun-5d9f8e61-4b63-4374-bb68-01b1b6b0f9ef] INFO  o.e.m.i.launch.MavenLaunchDelegate - Run build in "C:\Users\khala\AppData\Local\Temp\m2e-archetypeGenerator15965545083409143448":
2024-01-15 14:07:08,441 [Worker-9: Launching mavenrun-5d9f8e61-4b63-4374-bb68-01b1b6b0f9ef] INFO  o.e.m.i.launch.MavenLaunchDelegate -  mvn  -DarchetypeGroupId=org.apache.maven.archetypes -DarchetypeArtifactId=maven-archetype-quickstart -DarchetypeVersion=1.1 -DgroupId=com.FirstBDDFrameworkTL -DartifactId=FirstBDDFrameworkTLrole -Dversion=0.0.1-SNAPSHOT -Dpackage=com.FirstBDDFrameworkTL.FirstBDDFrameworkTLrole -DoutputDirectory="C:\Users\khala\BDD WORKSPACE\StartBDDFrameworkTLWORK" -Dstyle.color=always -U archetype:generate
2024-01-15 14:07:29,753 [Worker-3: Creating maven-archetype-quickstart] INFO  o.e.m.c.i.p.ProjectConfigurationManager - Collecting project info '/pom.xml' C:\Users\khala\BDD WORKSPACE\StartBDDFrameworkTLWORK\FirstBDDFrameworkTLrole\pom.xml
2024-01-15 14:07:30,322 [Worker-3: Creating maven-archetype-quickstart] INFO  o.e.m.c.i.l.LifecycleMappingFactory - Using org.eclipse.m2e.jdt.JarLifecycleMapping lifecycle mapping for MavenProject: com.FirstBDDFrameworkTL:FirstBDDFrameworkTLrole:0.0.1-SNAPSHOT @ C:\Users\khala\BDD WORKSPACE\StartBDDFrameworkTLWORK\FirstBDDFrameworkTLrole\pom.xml.
2024-01-15 14:07:30,866 [Worker-3: Creating maven-archetype-quickstart] INFO  o.e.m.j.i.AbstractJavaProjectConfigurator - Adding source folder /FirstBDDFrameworkTLrole/src/main/java
2024-01-15 14:07:30,866 [Worker-3: Creating maven-archetype-quickstart] INFO  o.e.m.j.i.AbstractJavaProjectConfigurator - Adding resource folder /FirstBDDFrameworkTLrole/src/main/resources
2024-01-15 14:07:30,868 [Worker-3: Creating maven-archetype-quickstart] INFO  o.e.m.j.i.AbstractJavaProjectConfigurator - Adding source folder /FirstBDDFrameworkTLrole/src/test/java
2024-01-15 14:07:30,869 [Worker-3: Creating maven-archetype-quickstart] INFO  o.e.m.j.i.AbstractJavaProjectConfigurator - Adding resource folder /FirstBDDFrameworkTLrole/src/test/resources
2024-01-15 14:07:30,943 [Worker-3: Creating maven-archetype-quickstart] INFO  o.e.m.c.i.p.ProjectConfigurationManager - Imported and configured 1 project(s) in 1 sec
2024-01-15 14:07:31,838 [Worker-12: Building] INFO  o.a.m.s.f.DefaultMavenResourcesFiltering - skip non existing resourceDirectory C:\Users\khala\BDD WORKSPACE\StartBDDFrameworkTLWORK\FirstBDDFrameworkTLrole\src\main\resources
2024-01-15 14:07:31,843 [Worker-12: Building] INFO  o.a.m.s.f.DefaultMavenResourcesFiltering - skip non existing resourceDirectory C:\Users\khala\BDD WORKSPACE\StartBDDFrameworkTLWORK\FirstBDDFrameworkTLrole\src\test\resources
2024-01-15 14:07:44,667 [Worker-9: Building] INFO  o.a.m.s.f.DefaultMavenResourcesFiltering - skip non existing resourceDirectory C:\Users\khala\BDD WORKSPACE\StartBDDFrameworkTLWORK\FirstBDDFrameworkTLrole\src\main\resources
2024-01-15 14:07:44,673 [Worker-9: Building] INFO  o.a.m.s.f.DefaultMavenResourcesFiltering - skip non existing resourceDirectory C:\Users\khala\BDD WORKSPACE\StartBDDFrameworkTLWORK\FirstBDDFrameworkTLrole\src\test\resources
2024-01-15 14:07:50,627 [Worker-11: Building] INFO  o.a.m.s.f.DefaultMavenResourcesFiltering - skip non existing resourceDirectory C:\Users\khala\BDD WORKSPACE\StartBDDFrameworkTLWORK\FirstBDDFrameworkTLrole\src\main\resources
2024-01-15 14:07:50,631 [Worker-11: Building] INFO  o.a.m.s.f.DefaultMavenResourcesFiltering - skip non existing resourceDirectory C:\Users\khala\BDD WORKSPACE\StartBDDFrameworkTLWORK\FirstBDDFrameworkTLrole\src\test\resources
2024-01-15 14:08:37,534 [Worker-11: Building] INFO  o.e.m.c.i.l.LifecycleMappingFactory - Using org.eclipse.m2e.jdt.JarLifecycleMapping lifecycle mapping for MavenProject: com.FirstBDDFrameworkTL:FirstBDDFrameworkTLrole:0.0.1-SNAPSHOT @ C:\Users\khala\BDD WORKSPACE\StartBDDFrameworkTLWORK\FirstBDDFrameworkTLrole\pom.xml.
2024-01-15 14:08:38,778 [Worker-11: Building] INFO  o.a.m.s.f.DefaultMavenResourcesFiltering - skip non existing resourceDirectory C:\Users\khala\BDD WORKSPACE\StartBDDFrameworkTLWORK\FirstBDDFrameworkTLrole\src\main\resources
2024-01-15 14:08:38,783 [Worker-11: Building] INFO  o.a.m.s.f.DefaultMavenResourcesFiltering - skip non existing resourceDirectory C:\Users\khala\BDD WORKSPACE\StartBDDFrameworkTLWORK\FirstBDDFrameworkTLrole\src\test\resources
2024-01-15 14:10:52,829 [Worker-7: Building] INFO  o.a.m.s.f.DefaultMavenResourcesFiltering - skip non existing resourceDirectory C:\Users\khala\BDD WORKSPACE\StartBDDFrameworkTLWORK\FirstBDDFrameworkTLrole\src\main\resources
2024-01-15 14:10:52,834 [Worker-7: Building] INFO  o.a.m.s.f.DefaultMavenResourcesFiltering - skip non existing resourceDirectory C:\Users\khala\BDD WORKSPACE\StartBDDFrameworkTLWORK\FirstBDDFrameworkTLrole\src\test\resources
2024-01-15 14:11:56,869 [Worker-10: Building] INFO  o.a.m.s.f.DefaultMavenResourcesFiltering - skip non existing resourceDirectory C:\Users\khala\BDD WORKSPACE\StartBDDFrameworkTLWORK\FirstBDDFrameworkTLrole\src\main\resources
2024-01-15 14:11:56,871 [Worker-10: Building] INFO  o.a.m.s.f.DefaultMavenResourcesFiltering - skip non existing resourceDirectory C:\Users\khala\BDD WORKSPACE\StartBDDFrameworkTLWORK\FirstBDDFrameworkTLrole\src\test\resources
2024-01-15 14:15:39,980 [Worker-6: Building] INFO  o.a.m.s.f.DefaultMavenResourcesFiltering - skip non existing resourceDirectory C:\Users\khala\BDD WORKSPACE\StartBDDFrameworkTLWORK\FirstBDDFrameworkTLrole\src\main\resources
2024-01-15 14:15:39,983 [Worker-6: Building] INFO  o.a.m.s.f.DefaultMavenResourcesFiltering - skip non existing resourceDirectory C:\Users\khala\BDD WORKSPACE\StartBDDFrameworkTLWORK\FirstBDDFrameworkTLrole\src\test\resources
2024-01-15 14:15:47,634 [Worker-7: Building] INFO  o.a.m.s.f.DefaultMavenResourcesFiltering - skip non existing resourceDirectory C:\Users\khala\BDD WORKSPACE\StartBDDFrameworkTLWORK\FirstBDDFrameworkTLrole\src\main\resources
2024-01-15 14:15:47,637 [Worker-7: Building] INFO  o.a.m.s.f.DefaultMavenResourcesFiltering - skip non existing resourceDirectory C:\Users\khala\BDD WORKSPACE\StartBDDFrameworkTLWORK\FirstBDDFrameworkTLrole\src\test\resources
2024-01-15 14:16:22,087 [Worker-7: Building] INFO  o.a.m.s.f.DefaultMavenResourcesFiltering - skip non existing resourceDirectory C:\Users\khala\BDD WORKSPACE\StartBDDFrameworkTLWORK\FirstBDDFrameworkTLrole\src\main\resources
2024-01-15 14:16:22,091 [Worker-7: Building] INFO  o.a.m.s.f.DefaultMavenResourcesFiltering - skip non existing resourceDirectory C:\Users\khala\BDD WORKSPACE\StartBDDFrameworkTLWORK\FirstBDDFrameworkTLrole\src\test\resources
2024-01-15 14:16:39,002 [Worker-3: Building] INFO  o.a.m.s.f.DefaultMavenResourcesFiltering - skip non existing resourceDirectory C:\Users\khala\BDD WORKSPACE\StartBDDFrameworkTLWORK\FirstBDDFrameworkTLrole\src\main\resources
2024-01-15 14:16:39,002 [Worker-3: Building] INFO  o.a.m.s.f.DefaultMavenResourcesFiltering - skip non existing resourceDirectory C:\Users\khala\BDD WORKSPACE\StartBDDFrameworkTLWORK\FirstBDDFrameworkTLrole\src\test\resources
2024-01-15 14:16:53,710 [Worker-3: Building] INFO  o.a.m.s.f.DefaultMavenResourcesFiltering - Copying 0 resource from src\main\resources to target\classes
2024-01-15 14:16:53,714 [Worker-3: Building] INFO  o.a.m.s.f.DefaultMavenResourcesFiltering - Copying 0 resource from src\test\resources to target\test-classes
2024-01-15 14:17:37,631 [Worker-6: Building] INFO  o.a.m.s.f.DefaultMavenResourcesFiltering - Copying 0 resource from src\main\resources to target\classes
2024-01-15 14:17:37,636 [Worker-6: Building] INFO  o.a.m.s.f.DefaultMavenResourcesFiltering - Copying 1 resource from src\test\resources to target\test-classes
2024-01-15 14:17:44,622 [Worker-7: Building] INFO  o.a.m.s.f.DefaultMavenResourcesFiltering - Copying 0 resource from src\main\resources to target\classes
2024-01-15 14:17:44,628 [Worker-7: Building] INFO  o.a.m.s.f.DefaultMavenResourcesFiltering - Copying 1 resource from src\test\resources to target\test-classes
2024-01-15 14:19:19,490 [Worker-3: Building] INFO  o.a.m.s.f.DefaultMavenResourcesFiltering - Copying 0 resource from src\main\resources to target\classes
2024-01-15 14:19:19,493 [Worker-3: Building] INFO  o.a.m.s.f.DefaultMavenResourcesFiltering - Copying 1 resource from src\test\resources to target\test-classes
2024-01-15 14:19:23,023 [Worker-12: Building] INFO  o.a.m.s.f.DefaultMavenResourcesFiltering - Copying 0 resource from src\main\resources to target\classes
2024-01-15 14:19:23,033 [Worker-12: Building] INFO  o.a.m.s.f.DefaultMavenResourcesFiltering - Copying 1 resource from src\test\resources to target\test-classes
2024-01-15 14:20:19,428 [Worker-12: Building] INFO  o.a.m.s.f.DefaultMavenResourcesFiltering - Copying 0 resource from src\main\resources to target\classes
2024-01-15 14:20:19,431 [Worker-12: Building] INFO  o.a.m.s.f.DefaultMavenResourcesFiltering - Copying 0 resource from src\test\resources to target\test-classes
2024-01-15 14:20:34,889 [Worker-12: Building] INFO  o.a.m.s.f.DefaultMavenResourcesFiltering - Copying 0 resource from src\main\resources to target\classes
2024-01-15 14:20:34,892 [Worker-12: Building] INFO  o.a.m.s.f.DefaultMavenResourcesFiltering - Copying 1 resource from src\test\resources to target\test-classes
2024-01-15 14:20:44,215 [Worker-6: Building] INFO  o.a.m.s.f.DefaultMavenResourcesFiltering - Copying 0 resource from src\main\resources to target\classes
2024-01-15 14:20:44,218 [Worker-6: Building] INFO  o.a.m.s.f.DefaultMavenResourcesFiltering - Copying 1 resource from src\test\resources to target\test-classes
2024-01-15 14:21:04,116 [Worker-3: Building] INFO  o.a.m.s.f.DefaultMavenResourcesFiltering - Copying 0 resource from src\main\resources to target\classes
2024-01-15 14:21:04,120 [Worker-3: Building] INFO  o.a.m.s.f.DefaultMavenResourcesFiltering - Copying 1 resource from src\test\resources to target\test-classes
2024-01-15 14:21:41,207 [Worker-6: Building] INFO  o.a.m.s.f.DefaultMavenResourcesFiltering - Copying 0 resource from src\main\resources to target\classes
2024-01-15 14:21:41,211 [Worker-6: Building] INFO  o.a.m.s.f.DefaultMavenResourcesFiltering - Copying 0 resource from src\test\resources to target\test-classes
2024-01-15 14:22:00,377 [Worker-9: Building] INFO  o.a.m.s.f.DefaultMavenResourcesFiltering - Copying 0 resource from src\main\resources to target\classes
2024-01-15 14:22:00,381 [Worker-9: Building] INFO  o.a.m.s.f.DefaultMavenResourcesFiltering - Copying 1 resource from src\test\resources to target\test-classes
2024-01-15 14:22:14,590 [Worker-12: Building] INFO  o.a.m.s.f.DefaultMavenResourcesFiltering - Copying 0 resource from src\main\resources to target\classes
2024-01-15 14:22:14,593 [Worker-12: Building] INFO  o.a.m.s.f.DefaultMavenResourcesFiltering - Copying 1 resource from src\test\resources to target\test-classes
2024-01-15 14:22:35,781 [Worker-3: Building] INFO  o.a.m.s.f.DefaultMavenResourcesFiltering - Copying 0 resource from src\main\resources to target\classes
2024-01-15 14:22:35,789 [Worker-3: Building] INFO  o.a.m.s.f.DefaultMavenResourcesFiltering - Copying 0 resource from src\test\resources to target\test-classes
2024-01-15 14:23:04,978 [Worker-10: Building] INFO  o.a.m.s.f.DefaultMavenResourcesFiltering - Copying 0 resource from src\main\resources to target\classes
2024-01-15 14:23:04,981 [Worker-10: Building] INFO  o.a.m.s.f.DefaultMavenResourcesFiltering - Copying 0 resource from src\test\resources to target\test-classes
2024-01-15 14:23:41,030 [Worker-10: Building] INFO  o.a.m.s.f.DefaultMavenResourcesFiltering - Copying 0 resource from src\main\resources to target\classes
2024-01-15 14:23:41,033 [Worker-10: Building] INFO  o.a.m.s.f.DefaultMavenResourcesFiltering - Copying 0 resource from src\test\resources to target\test-classes
2024-01-15 14:24:00,284 [Worker-6: Building] INFO  o.a.m.s.f.DefaultMavenResourcesFiltering - Copying 0 resource from src\main\resources to target\classes
2024-01-15 14:24:00,287 [Worker-6: Building] INFO  o.a.m.s.f.DefaultMavenResourcesFiltering - Copying 0 resource from src\test\resources to target\test-classes
2024-01-15 14:25:10,172 [Worker-7: Building] INFO  o.a.m.s.f.DefaultMavenResourcesFiltering - Copying 0 resource from src\main\resources to target\classes
2024-01-15 14:25:10,174 [Worker-7: Building] INFO  o.a.m.s.f.DefaultMavenResourcesFiltering - Copying 0 resource from src\test\resources to target\test-classes
2024-01-15 14:25:55,389 [Worker-12: Building] INFO  o.a.m.s.f.DefaultMavenResourcesFiltering - Copying 0 resource from src\main\resources to target\classes
2024-01-15 14:25:55,391 [Worker-12: Building] INFO  o.a.m.s.f.DefaultMavenResourcesFiltering - Copying 0 resource from src\test\resources to target\test-classes
2024-01-15 14:26:21,629 [Worker-12: Building] INFO  o.a.m.s.f.DefaultMavenResourcesFiltering - Copying 0 resource from src\main\resources to target\classes
2024-01-15 14:26:21,632 [Worker-12: Building] INFO  o.a.m.s.f.DefaultMavenResourcesFiltering - Copying 0 resource from src\test\resources to target\test-classes
2024-01-15 14:27:14,372 [Worker-9: Building] INFO  o.a.m.s.f.DefaultMavenResourcesFiltering - Copying 0 resource from src\main\resources to target\classes
2024-01-15 14:27:14,375 [Worker-9: Building] INFO  o.a.m.s.f.DefaultMavenResourcesFiltering - Copying 0 resource from src\test\resources to target\test-classes
2024-01-15 14:28:18,653 [Worker-10: Building] INFO  o.a.m.s.f.DefaultMavenResourcesFiltering - Copying 0 resource from src\main\resources to target\classes
2024-01-15 14:28:18,655 [Worker-10: Building] INFO  o.a.m.s.f.DefaultMavenResourcesFiltering - Copying 0 resource from src\test\resources to target\test-classes
2024-01-15 14:28:44,125 [Worker-3: Building] INFO  o.a.m.s.f.DefaultMavenResourcesFiltering - Copying 0 resource from src\main\resources to target\classes
2024-01-15 14:28:44,129 [Worker-3: Building] INFO  o.a.m.s.f.DefaultMavenResourcesFiltering - Copying 0 resource from src\test\resources to target\test-classes
2024-01-15 14:29:42,334 [Worker-12: Building] INFO  o.a.m.s.f.DefaultMavenResourcesFiltering - Copying 0 resource from src\main\resources to target\classes
2024-01-15 14:29:42,337 [Worker-12: Building] INFO  o.a.m.s.f.DefaultMavenResourcesFiltering - Copying 0 resource from src\test\resources to target\test-classes
2024-01-15 14:31:03,416 [Worker-7: Building] INFO  o.a.m.s.f.DefaultMavenResourcesFiltering - Copying 0 resource from src\main\resources to target\classes
2024-01-15 14:31:03,418 [Worker-7: Building] INFO  o.a.m.s.f.DefaultMavenResourcesFiltering - Copying 0 resource from src\test\resources to target\test-classes
2024-01-15 14:31:05,347 [Worker-12: Building] INFO  o.a.m.s.f.DefaultMavenResourcesFiltering - Copying 0 resource from src\main\resources to target\classes
2024-01-15 14:31:05,350 [Worker-12: Building] INFO  o.a.m.s.f.DefaultMavenResourcesFiltering - Copying 0 resource from src\test\resources to target\test-classes
2024-01-15 14:32:02,555 [Worker-10: Building] INFO  o.a.m.s.f.DefaultMavenResourcesFiltering - Copying 0 resource from src\main\resources to target\classes
2024-01-15 14:32:02,557 [Worker-10: Building] INFO  o.a.m.s.f.DefaultMavenResourcesFiltering - Copying 0 resource from src\test\resources to target\test-classes
2024-01-15 14:32:11,910 [Worker-12: Building] INFO  o.a.m.s.f.DefaultMavenResourcesFiltering - Copying 0 resource from src\main\resources to target\classes
2024-01-15 14:32:11,911 [Worker-12: Building] INFO  o.a.m.s.f.DefaultMavenResourcesFiltering - Copying 0 resource from src\test\resources to target\test-classes
2024-01-15 14:32:40,434 [Worker-10: Building] INFO  o.a.m.s.f.DefaultMavenResourcesFiltering - Copying 0 resource from src\main\resources to target\classes
2024-01-15 14:32:40,436 [Worker-10: Building] INFO  o.a.m.s.f.DefaultMavenResourcesFiltering - Copying 0 resource from src\test\resources to target\test-classes
2024-01-15 14:32:45,573 [Worker-10: Building] INFO  o.a.m.s.f.DefaultMavenResourcesFiltering - Copying 0 resource from src\main\resources to target\classes
2024-01-15 14:32:45,576 [Worker-10: Building] INFO  o.a.m.s.f.DefaultMavenResourcesFiltering - Copying 0 resource from src\test\resources to target\test-classes
2024-01-15 14:33:12,324 [Worker-3: Building] INFO  o.a.m.s.f.DefaultMavenResourcesFiltering - Copying 0 resource from src\main\resources to target\classes
2024-01-15 14:33:12,325 [Worker-3: Building] INFO  o.a.m.s.f.DefaultMavenResourcesFiltering - Copying 0 resource from src\test\resources to target\test-classes
2024-01-15 14:33:15,843 [Worker-7: Building] INFO  o.a.m.s.f.DefaultMavenResourcesFiltering - Copying 0 resource from src\main\resources to target\classes
2024-01-15 14:33:15,844 [Worker-7: Building] INFO  o.a.m.s.f.DefaultMavenResourcesFiltering - Copying 0 resource from src\test\resources to target\test-classes
2024-01-15 14:34:18,001 [Worker-9: Building] INFO  o.a.m.s.f.DefaultMavenResourcesFiltering - Copying 0 resource from src\main\resources to target\classes
2024-01-15 14:34:18,003 [Worker-9: Building] INFO  o.a.m.s.f.DefaultMavenResourcesFiltering - Copying 0 resource from src\test\resources to target\test-classes
2024-01-15 14:34:26,726 [Worker-6: Building] INFO  o.a.m.s.f.DefaultMavenResourcesFiltering - Copying 0 resource from src\main\resources to target\classes
2024-01-15 14:34:26,728 [Worker-6: Building] INFO  o.a.m.s.f.DefaultMavenResourcesFiltering - Copying 0 resource from src\test\resources to target\test-classes
